<?xml version="1.0" encoding="UTF-8"?>
<!-- Generated by org.testng.reporters.JUnitXMLReporter -->
<testsuite hostname="DESKTOP-N23G63L" ignored="0" tests="4" failures="0" timestamp="11 Sep 2020 17:20:08 GMT" time="71.624" errors="0">
  <testcase name="testMethod" time="0.539" classname="Test_Script"/>
  <testcase name="testMethod" time="0.303" classname="Test_Script"/>
  <testcase name="testMethod" time="0.245" classname="Test_Script"/>
  <testcase name="testMethod" time="0.287" classname="Test_Script"/>
</testsuite>
