<?xml version="1.0" encoding="UTF-8"?>
<testng-results skipped="0" failed="0" ignored="0" total="4" passed="4">
  <reporter-output>
  </reporter-output>
  <suite name="Suite" duration-ms="71624" started-at="2020-09-11T17:18:56Z" finished-at="2020-09-11T17:20:08Z">
    <groups>
    </groups>
    <test name="Test" duration-ms="71624" started-at="2020-09-11T17:18:56Z" finished-at="2020-09-11T17:20:08Z">
      <class name="Test_Script">
        <test-method status="PASS" signature="beforeAllTest()[pri:0, instance:Test_Script@cc285f4]" name="beforeAllTest" is-config="true" duration-ms="48574" started-at="2020-09-11T22:48:56Z" finished-at="2020-09-11T22:49:45Z">
          <reporter-output>
          </reporter-output>
        </test-method> <!-- beforeAllTest -->
        <test-method status="PASS" signature="beforeEachTest()[pri:0, instance:Test_Script@cc285f4]" name="beforeEachTest" is-config="true" duration-ms="2006" started-at="2020-09-11T22:49:45Z" finished-at="2020-09-11T22:49:47Z">
          <reporter-output>
          </reporter-output>
        </test-method> <!-- beforeEachTest -->
        <test-method status="PASS" signature="testMethod(java.lang.String, java.lang.String)[pri:0, instance:Test_Script@cc285f4]" name="testMethod" duration-ms="539" started-at="2020-09-11T22:49:47Z" data-provider="dataProviderMethod" finished-at="2020-09-11T22:49:47Z">
          <params>
            <param index="0">
              <value>
                <![CDATA[prabu@gmail.com]]>
              </value>
            </param>
            <param index="1">
              <value>
                <![CDATA[prabu@123]]>
              </value>
            </param>
          </params>
          <reporter-output>
          </reporter-output>
        </test-method> <!-- testMethod -->
        <test-method status="PASS" signature="afterEachTest()[pri:0, instance:Test_Script@cc285f4]" name="afterEachTest" is-config="true" duration-ms="20" started-at="2020-09-11T22:49:47Z" finished-at="2020-09-11T22:49:47Z">
          <reporter-output>
          </reporter-output>
        </test-method> <!-- afterEachTest -->
        <test-method status="PASS" signature="beforeEachTest()[pri:0, instance:Test_Script@cc285f4]" name="beforeEachTest" is-config="true" duration-ms="2004" started-at="2020-09-11T22:49:47Z" finished-at="2020-09-11T22:49:49Z">
          <reporter-output>
          </reporter-output>
        </test-method> <!-- beforeEachTest -->
        <test-method status="PASS" signature="testMethod(java.lang.String, java.lang.String)[pri:0, instance:Test_Script@cc285f4]" name="testMethod" duration-ms="303" started-at="2020-09-11T22:49:49Z" data-provider="dataProviderMethod" finished-at="2020-09-11T22:49:50Z">
          <params>
            <param index="0">
              <value>
                <![CDATA[kumar@gmail.com]]>
              </value>
            </param>
            <param index="1">
              <value>
                <![CDATA[kumar@123]]>
              </value>
            </param>
          </params>
          <reporter-output>
          </reporter-output>
        </test-method> <!-- testMethod -->
        <test-method status="PASS" signature="afterEachTest()[pri:0, instance:Test_Script@cc285f4]" name="afterEachTest" is-config="true" duration-ms="1062" started-at="2020-09-11T22:49:50Z" finished-at="2020-09-11T22:49:51Z">
          <reporter-output>
          </reporter-output>
        </test-method> <!-- afterEachTest -->
        <test-method status="PASS" signature="beforeEachTest()[pri:0, instance:Test_Script@cc285f4]" name="beforeEachTest" is-config="true" duration-ms="2001" started-at="2020-09-11T22:49:51Z" finished-at="2020-09-11T22:49:53Z">
          <reporter-output>
          </reporter-output>
        </test-method> <!-- beforeEachTest -->
        <test-method status="PASS" signature="testMethod(java.lang.String, java.lang.String)[pri:0, instance:Test_Script@cc285f4]" name="testMethod" duration-ms="245" started-at="2020-09-11T22:49:53Z" data-provider="dataProviderMethod" finished-at="2020-09-11T22:49:53Z">
          <params>
            <param index="0">
              <value>
                <![CDATA[one@gmail.com]]>
              </value>
            </param>
            <param index="1">
              <value>
                <![CDATA[one@123]]>
              </value>
            </param>
          </params>
          <reporter-output>
          </reporter-output>
        </test-method> <!-- testMethod -->
        <test-method status="PASS" signature="afterEachTest()[pri:0, instance:Test_Script@cc285f4]" name="afterEachTest" is-config="true" duration-ms="20" started-at="2020-09-11T22:49:53Z" finished-at="2020-09-11T22:49:53Z">
          <reporter-output>
          </reporter-output>
        </test-method> <!-- afterEachTest -->
        <test-method status="PASS" signature="beforeEachTest()[pri:0, instance:Test_Script@cc285f4]" name="beforeEachTest" is-config="true" duration-ms="2007" started-at="2020-09-11T22:49:53Z" finished-at="2020-09-11T22:49:55Z">
          <reporter-output>
          </reporter-output>
        </test-method> <!-- beforeEachTest -->
        <test-method status="PASS" signature="testMethod(java.lang.String, java.lang.String)[pri:0, instance:Test_Script@cc285f4]" name="testMethod" duration-ms="287" started-at="2020-09-11T22:49:55Z" data-provider="dataProviderMethod" finished-at="2020-09-11T22:49:55Z">
          <params>
            <param index="0">
              <value>
                <![CDATA[two@gmail.com]]>
              </value>
            </param>
            <param index="1">
              <value>
                <![CDATA[two@123]]>
              </value>
            </param>
          </params>
          <reporter-output>
          </reporter-output>
        </test-method> <!-- testMethod -->
        <test-method status="PASS" signature="afterEachTest()[pri:0, instance:Test_Script@cc285f4]" name="afterEachTest" is-config="true" duration-ms="1048" started-at="2020-09-11T22:49:55Z" finished-at="2020-09-11T22:49:56Z">
          <reporter-output>
          </reporter-output>
        </test-method> <!-- afterEachTest -->
        <test-method status="PASS" signature="afterAllTest()[pri:0, instance:Test_Script@cc285f4]" name="afterAllTest" is-config="true" duration-ms="11383" started-at="2020-09-11T22:49:56Z" finished-at="2020-09-11T22:50:08Z">
          <reporter-output>
          </reporter-output>
        </test-method> <!-- afterAllTest -->
      </class> <!-- Test_Script -->
    </test> <!-- Test -->
  </suite> <!-- Suite -->
</testng-results>
