<?xml version="1.0" encoding="UTF-8"?>
<testng-results skipped="0" failed="0" ignored="0" total="4" passed="4">
  <reporter-output>
  </reporter-output>
  <suite name="Default suite" duration-ms="25136" started-at="2020-08-02T17:32:30Z" finished-at="2020-08-02T17:32:55Z">
    <groups>
    </groups>
    <test name="Default test" duration-ms="25136" started-at="2020-08-02T17:32:30Z" finished-at="2020-08-02T17:32:55Z">
      <class name="Test_Script">
        <test-method status="PASS" signature="beforeAllTest()[pri:0, instance:Test_Script@cc285f4]" name="beforeAllTest" is-config="true" duration-ms="7950" started-at="2020-08-02T23:02:30Z" finished-at="2020-08-02T23:02:38Z">
          <reporter-output>
          </reporter-output>
        </test-method> <!-- beforeAllTest -->
        <test-method status="PASS" signature="beforeEachTest()[pri:0, instance:Test_Script@cc285f4]" name="beforeEachTest" is-config="true" duration-ms="2001" started-at="2020-08-02T23:02:38Z" finished-at="2020-08-02T23:02:40Z">
          <reporter-output>
          </reporter-output>
        </test-method> <!-- beforeEachTest -->
        <test-method status="PASS" signature="testMethod(java.lang.String, java.lang.String)[pri:0, instance:Test_Script@cc285f4]" name="testMethod" duration-ms="339" started-at="2020-08-02T23:02:40Z" data-provider="dataProviderMethod" finished-at="2020-08-02T23:02:40Z">
          <params>
            <param index="0">
              <value>
                <![CDATA[prabu@gmail.com]]>
              </value>
            </param>
            <param index="1">
              <value>
                <![CDATA[prabu@123]]>
              </value>
            </param>
          </params>
          <reporter-output>
          </reporter-output>
        </test-method> <!-- testMethod -->
        <test-method status="PASS" signature="afterEachTest()[pri:0, instance:Test_Script@cc285f4]" name="afterEachTest" is-config="true" duration-ms="22" started-at="2020-08-02T23:02:40Z" finished-at="2020-08-02T23:02:40Z">
          <reporter-output>
          </reporter-output>
        </test-method> <!-- afterEachTest -->
        <test-method status="PASS" signature="beforeEachTest()[pri:0, instance:Test_Script@cc285f4]" name="beforeEachTest" is-config="true" duration-ms="2002" started-at="2020-08-02T23:02:40Z" finished-at="2020-08-02T23:02:42Z">
          <reporter-output>
          </reporter-output>
        </test-method> <!-- beforeEachTest -->
        <test-method status="PASS" signature="testMethod(java.lang.String, java.lang.String)[pri:0, instance:Test_Script@cc285f4]" name="testMethod" duration-ms="839" started-at="2020-08-02T23:02:42Z" data-provider="dataProviderMethod" finished-at="2020-08-02T23:02:43Z">
          <params>
            <param index="0">
              <value>
                <![CDATA[kumar@gmail.com]]>
              </value>
            </param>
            <param index="1">
              <value>
                <![CDATA[kumar@123]]>
              </value>
            </param>
          </params>
          <reporter-output>
          </reporter-output>
        </test-method> <!-- testMethod -->
        <test-method status="PASS" signature="afterEachTest()[pri:0, instance:Test_Script@cc285f4]" name="afterEachTest" is-config="true" duration-ms="59" started-at="2020-08-02T23:02:43Z" finished-at="2020-08-02T23:02:43Z">
          <reporter-output>
          </reporter-output>
        </test-method> <!-- afterEachTest -->
        <test-method status="PASS" signature="beforeEachTest()[pri:0, instance:Test_Script@cc285f4]" name="beforeEachTest" is-config="true" duration-ms="2000" started-at="2020-08-02T23:02:43Z" finished-at="2020-08-02T23:02:45Z">
          <reporter-output>
          </reporter-output>
        </test-method> <!-- beforeEachTest -->
        <test-method status="PASS" signature="testMethod(java.lang.String, java.lang.String)[pri:0, instance:Test_Script@cc285f4]" name="testMethod" duration-ms="281" started-at="2020-08-02T23:02:45Z" data-provider="dataProviderMethod" finished-at="2020-08-02T23:02:45Z">
          <params>
            <param index="0">
              <value>
                <![CDATA[one@gmail.com]]>
              </value>
            </param>
            <param index="1">
              <value>
                <![CDATA[one@123]]>
              </value>
            </param>
          </params>
          <reporter-output>
          </reporter-output>
        </test-method> <!-- testMethod -->
        <test-method status="PASS" signature="afterEachTest()[pri:0, instance:Test_Script@cc285f4]" name="afterEachTest" is-config="true" duration-ms="9" started-at="2020-08-02T23:02:45Z" finished-at="2020-08-02T23:02:45Z">
          <reporter-output>
          </reporter-output>
        </test-method> <!-- afterEachTest -->
        <test-method status="PASS" signature="beforeEachTest()[pri:0, instance:Test_Script@cc285f4]" name="beforeEachTest" is-config="true" duration-ms="2001" started-at="2020-08-02T23:02:45Z" finished-at="2020-08-02T23:02:47Z">
          <reporter-output>
          </reporter-output>
        </test-method> <!-- beforeEachTest -->
        <test-method status="PASS" signature="testMethod(java.lang.String, java.lang.String)[pri:0, instance:Test_Script@cc285f4]" name="testMethod" duration-ms="265" started-at="2020-08-02T23:02:47Z" data-provider="dataProviderMethod" finished-at="2020-08-02T23:02:48Z">
          <params>
            <param index="0">
              <value>
                <![CDATA[two@gmail.com]]>
              </value>
            </param>
            <param index="1">
              <value>
                <![CDATA[two@123]]>
              </value>
            </param>
          </params>
          <reporter-output>
          </reporter-output>
        </test-method> <!-- testMethod -->
        <test-method status="PASS" signature="afterEachTest()[pri:0, instance:Test_Script@cc285f4]" name="afterEachTest" is-config="true" duration-ms="13" started-at="2020-08-02T23:02:48Z" finished-at="2020-08-02T23:02:48Z">
          <reporter-output>
          </reporter-output>
        </test-method> <!-- afterEachTest -->
        <test-method status="PASS" signature="afterAllTest()[pri:0, instance:Test_Script@cc285f4]" name="afterAllTest" is-config="true" duration-ms="7313" started-at="2020-08-02T23:02:48Z" finished-at="2020-08-02T23:02:55Z">
          <reporter-output>
          </reporter-output>
        </test-method> <!-- afterAllTest -->
      </class> <!-- Test_Script -->
    </test> <!-- Default test -->
  </suite> <!-- Default suite -->
</testng-results>
