<?xml version="1.0" encoding="UTF-8"?>
<!-- Generated by org.testng.reporters.JUnitXMLReporter -->
<testsuite hostname="DESKTOP-N23G63L" ignored="0" tests="4" failures="0" timestamp="02 Aug 2020 17:32:55 GMT" time="25.136" errors="0">
  <testcase name="testMethod" time="0.339" classname="Test_Script"/>
  <testcase name="testMethod" time="0.839" classname="Test_Script"/>
  <testcase name="testMethod" time="0.281" classname="Test_Script"/>
  <testcase name="testMethod" time="0.265" classname="Test_Script"/>
</testsuite>
